2025-07-28 14:55:02.243451 - SMS Sent : Message to +33665276874: Pas de souci, en voilà une meilleure : Pourquoi les escargots ne sont jamais pressés ? Parce qu’ils ont tout leur temps pour se taper la limace ! 😄
2025-07-28 14:55:00.658043 - Success : Successful exchange with +33665276874
2025-07-28 14:53:25.848253 - SMS Sent : Message to +33665276874: Pourquoi les poissons détestent l’ordinateur ? Parce qu’ils ont peur du net ! 🐟😂
2025-07-28 14:53:24.244893 - Success : Successful exchange with +33665276874
2025-07-28 14:50:15.584515 - SMS Sent : Message to +33665276874: La Terre est parfois verte parce que les plantes poussent, surtout grâce au dioxyde de carbone (CO2) qui stimule leur croissance. Ce phénomène s'appelle l'effet fertilisant du CO2, qui fait verdir la végétation à la surface du sol.
2025-07-28 14:50:09.111822 - Success : Successful exchange with +33665276874
2025-07-28 14:26:58.217405 - SMS Sent : Message to +33665276874: La terre est marron surtout à cause de la présence de matière organique noire et d’oxydes de fer qui donnent des teintes allant du jaune au rouge-brun[1][3]. La couleur varie selon la composition du sol et son origine minérale.
2025-07-28 14:26:56.719870 - Success : Successful exchange with +33665276874
2025-07-28 13:39:41.451454 - Success : Successful exchange with +33123456789
2025-07-28 13:39:04.733741 - Success : Successful exchange with +33123456789
2025-07-28 13:38:42.754488 - Success : Successful exchange with +33123456789
2025-07-28 13:33:58.602283 - Success : Successful exchange with +33123456789
2025-07-28 13:27:20.821897 - Success : Successful exchange with +33123456789
2025-07-28 13:27:03.914322 - Success : Successful exchange with +33123456789
2025-07-28 13:16:43.109332 - Success : Successful exchange with +33123456789
2025-07-28 13:12:38.743572 - Success : Successful exchange with +33123456789
2025-07-28 13:01:14.167828 - Success : Successful exchange with +33123456789
2025-07-28 12:50:01.440005 - Success : Successful exchange with +33123456789
2025-07-28 12:35:04.610927 - History : History of +33123456789 created
2025-07-28 12:34:02.443457 - History : History of +33123456789 created
2025-07-28 12:26:06.044414 - History : History of +33123456789 created
2025-07-28 12:25:28.762912 - History : History of +33123456789 created
2025-07-28 12:24:32.128136 - History : History of +33123456789 created
2025-07-28 12:22:57.566323 - History : History of +33123456789 created
